#! /usr/share/iverilog-0.10.0/bin/vvp
:ivl_version "0.10.0 (devel)" "(v0_9_6)";
:ivl_delay_selection "TYPICAL";
:vpi_time_precision + 0;
:vpi_module "system";
:vpi_module "vhdl_sys";
:vpi_module "v2005_math";
:vpi_module "va_math";
:vpi_module "v2009";
S_0xb07770 .scope module, "readfile_tb" "readfile_tb" 2 4;
 .timescale 0 0;
v0xb18fe0_0 .var "clk", 0 0;
v0xb19080_0 .var "in", 31 0;
v0xb19150_0 .net "out", 31 0, v0xb18e80_0;  1 drivers
S_0xae43c0 .scope module, "dut" "readfile" 2 10, 3 4 0, S_0xb07770;
 .timescale 0 0;
    .port_info 0 /INPUT 32 "in"
    .port_info 1 /OUTPUT 32 "out"
    .port_info 2 /INPUT 1 "clk"
v0xae45e0_0 .net "clk", 0 0, v0xb18fe0_0;  1 drivers
v0xb18ac0_0 .var/i "i", 31 0;
v0xb18ba0_0 .net "in", 31 0, v0xb19080_0;  1 drivers
v0xb18c90_0 .var "index", 4 0;
v0xb18d70 .array "memory", 9 0, 31 0;
v0xb18e80_0 .var "out", 31 0;
E_0xb07e70 .event posedge, v0xae45e0_0;
    .scope S_0xae43c0;
T_0 ;
    %vpi_call/w 3 13 "$readmemh", "data.txt", v0xb18d70 {0 0};
    %end;
    .thread T_0;
    .scope S_0xae43c0;
T_1 ;
    %set/v v0xb18c90_0, 0, 5;
    %end;
    .thread T_1;
    .scope S_0xae43c0;
T_2 ;
    %set/v v0xb18ac0_0, 0, 32;
T_2.0 ;
    %load/v 8, v0xb18ac0_0, 32;
    %cmpi/s 8, 9, 32;
    %jmp/0xz T_2.1, 5;
    %vpi_call/w 3 20 "$display", "%h", v0xb18ac0_0, &A<v0xb18d70, v0xb18ac0_0 > {0 0};
    %ix/load 0, 1, 0;
    %load/vp0/s 8, v0xb18ac0_0, 32;
    %set/v v0xb18ac0_0, 8, 32;
    %jmp T_2.0;
T_2.1 ;
    %end;
    .thread T_2;
    .scope S_0xae43c0;
T_3 ;
    %wait E_0xb07e70;
    %ix/getv 3, v0xb18c90_0;
    %load/av 8, v0xb18d70, 32;
    %set/v v0xb18e80_0, 8, 32;
    %ix/load 0, 1, 0;
    %load/vp0 8, v0xb18c90_0, 5;
    %set/v v0xb18c90_0, 8, 5;
    %jmp T_3;
    .thread T_3;
    .scope S_0xb07770;
T_4 ;
    %set/v v0xb18fe0_0, 0, 1;
    %end;
    .thread T_4;
    .scope S_0xb07770;
T_5 ;
    %delay 10, 0;
    %load/v 8, v0xb18fe0_0, 1;
    %inv 8, 1;
    %set/v v0xb18fe0_0, 8, 1;
    %jmp T_5;
    .thread T_5;
    .scope S_0xb07770;
T_6 ;
    %vpi_call/w 2 17 "$dumpfile", "dump.vcd" {0 0};
    %vpi_call/w 2 18 "$dumpvars" {0 0};
    %end;
    .thread T_6;
    .scope S_0xb07770;
T_7 ;
    %delay 200, 0;
    %vpi_call/w 2 23 "$finish" {0 0};
    %end;
    .thread T_7;
# The file index is used to find the file name in the following table.
:file_names 4;
    "N/A";
    "<interactive>";
    "testbench.sv";
    "design.sv";
