#! /usr/share/iverilog-0.9.6/bin/vvp
:ivl_version "0.9.6 " "(v0_9_6)";
:vpi_time_precision + 0;
:vpi_module "system";
:vpi_module "v2005_math";
:vpi_module "va_math";
S_0x1f09230 .scope module, "PISO_tb" "PISO_tb" 2 4;
 .timescale 0 0;
v0x1f1a3d0_0 .var "clk", 0 0;
v0x1f1a4a0_0 .var "d", 3 0;
v0x1f1a550_0 .var "mode", 0 0;
v0x1f1a600_0 .net "so", 0 0, L_0x1f1a6e0; 1 drivers
S_0x1f09320 .scope module, "dut" "PISO" 2 11, 3 3, S_0x1f09230;
 .timescale 0 0;
v0x1f09410_0 .net "clk", 0 0, v0x1f1a3d0_0; 1 drivers
v0x1f1a140_0 .net "d", 3 0, v0x1f1a4a0_0; 1 drivers
v0x1f1a1e0_0 .net "mode", 0 0, v0x1f1a550_0; 1 drivers
v0x1f1a280_0 .var "q", 3 0;
v0x1f1a330_0 .alias "so", 0 0, v0x1f1a600_0;
E_0x1f07500 .event posedge, v0x1f09410_0;
L_0x1f1a6e0 .part v0x1f1a280_0, 0, 1;
    .scope S_0x1f09320;
T_0 ;
    %set/v v0x1f1a280_0, 0, 4;
    %end;
    .thread T_0;
    .scope S_0x1f09320;
T_1 ;
    %wait E_0x1f07500;
    %load/v 8, v0x1f1a1e0_0, 1;
    %mov 9, 0, 2;
    %cmpi/u 8, 1, 3;
    %jmp/0xz  T_1.0, 4;
    %load/v 8, v0x1f1a140_0, 4;
    %ix/load 0, 4, 0;
    %assign/v0 v0x1f1a280_0, 0, 8;
    %jmp T_1.1;
T_1.0 ;
    %ix/load 0, 1, 0;
    %ix/load 1, 3, 0;
    %assign/v0/x1 v0x1f1a280_0, 0, 2;
    %ix/load 1, 3, 0;
    %mov 4, 0, 1;
    %jmp/1 T_1.2, 4;
    %load/x1p 8, v0x1f1a280_0, 1;
    %jmp T_1.3;
T_1.2 ;
    %mov 8, 2, 1;
T_1.3 ;
; Save base=8 wid=1 in lookaside.
    %ix/load 0, 1, 0;
    %ix/load 1, 2, 0;
    %assign/v0/x1 v0x1f1a280_0, 0, 8;
    %ix/load 1, 2, 0;
    %mov 4, 0, 1;
    %jmp/1 T_1.4, 4;
    %load/x1p 8, v0x1f1a280_0, 1;
    %jmp T_1.5;
T_1.4 ;
    %mov 8, 2, 1;
T_1.5 ;
; Save base=8 wid=1 in lookaside.
    %ix/load 0, 1, 0;
    %ix/load 1, 1, 0;
    %assign/v0/x1 v0x1f1a280_0, 0, 8;
    %ix/load 1, 1, 0;
    %mov 4, 0, 1;
    %jmp/1 T_1.6, 4;
    %load/x1p 8, v0x1f1a280_0, 1;
    %jmp T_1.7;
T_1.6 ;
    %mov 8, 2, 1;
T_1.7 ;
; Save base=8 wid=1 in lookaside.
    %ix/load 0, 1, 0;
    %ix/load 1, 0, 0;
    %assign/v0/x1 v0x1f1a280_0, 0, 8;
T_1.1 ;
    %jmp T_1;
    .thread T_1;
    .scope S_0x1f09230;
T_2 ;
    %set/v v0x1f1a3d0_0, 0, 1;
    %movi 8, 9, 4;
    %set/v v0x1f1a4a0_0, 8, 4;
    %set/v v0x1f1a550_0, 1, 1;
    %delay 10, 0;
    %set/v v0x1f1a550_0, 0, 1;
    %end;
    .thread T_2;
    .scope S_0x1f09230;
T_3 ;
    %delay 5, 0;
    %load/v 8, v0x1f1a3d0_0, 1;
    %inv 8, 1;
    %set/v v0x1f1a3d0_0, 8, 1;
    %jmp T_3;
    .thread T_3;
    .scope S_0x1f09230;
T_4 ;
    %vpi_call 2 26 "$dumpfile", "dump.vcd";
    %vpi_call 2 27 "$dumpvars";
    %delay 300, 0;
    %vpi_call 2 29 "$finish", 2'sb01;
    %end;
    .thread T_4;
# The file index is used to find the file name in the following table.
:file_names 4;
    "N/A";
    "<interactive>";
    "testbench.sv";
    "design.sv";
