#! /usr/share/iverilog-0.10.0/bin/vvp
:ivl_version "0.10.0 (devel)" "(v0_9_6)";
:ivl_delay_selection "TYPICAL";
:vpi_time_precision + 0;
:vpi_module "system";
:vpi_module "vhdl_sys";
:vpi_module "v2005_math";
:vpi_module "va_math";
:vpi_module "v2009";
S_0x1107390 .scope module, "top_tb" "top_tb" 2 4;
 .timescale 0 0;
v0x1143120_0 .net "ALUout", 31 0, v0x1138300_0;  1 drivers
v0x1143200_0 .net "MemWrite", 0 0, v0x1134380_0;  1 drivers
v0x11432c0_0 .var "clk", 0 0;
v0x1143360_0 .var "reset", 0 0;
v0x1143490_0 .net "writedata", 31 0, L_0x1154b50;  1 drivers
S_0x10b2860 .scope module, "dut" "top" 2 12, 3 136 0, S_0x1107390;
 .timescale 0 0;
    .port_info 0 /INPUT 1 "clk"
    .port_info 1 /INPUT 1 "reset"
    .port_info 2 /OUTPUT 32 "writedata"
    .port_info 3 /OUTPUT 32 "ALUout"
    .port_info 4 /OUTPUT 1 "MemWrite"
v0x1142930_0 .net "ALUout", 31 0, v0x1138300_0;  alias, 1 drivers
v0x1142a10_0 .net "MemWrite", 0 0, v0x1134380_0;  alias, 1 drivers
v0x1142b60_0 .net "ReadData", 31 0, L_0x11561f0;  1 drivers
v0x1142c90_0 .net "clk", 0 0, v0x11432c0_0;  1 drivers
v0x1142d30_0 .net "instr", 31 0, L_0x1155eb0;  1 drivers
v0x1142dd0_0 .net "pc", 31 0, v0x11388c0_0;  1 drivers
v0x1142f20_0 .net "reset", 0 0, v0x1143360_0;  1 drivers
v0x1142fc0_0 .net "writedata", 31 0, L_0x1154b50;  alias, 1 drivers
L_0x1155f70 .part v0x11388c0_0, 2, 6;
S_0x11144e0 .scope module, "U17" "mips" 3 149, 3 109 0, S_0x10b2860;
 .timescale 0 0;
    .port_info 0 /INPUT 1 "clk"
    .port_info 1 /INPUT 1 "reset"
    .port_info 2 /OUTPUT 32 "pc"
    .port_info 3 /INPUT 32 "instr"
    .port_info 4 /OUTPUT 1 "MemWrite"
    .port_info 5 /OUTPUT 32 "ALUout"
    .port_info 6 /OUTPUT 32 "writedata"
    .port_info 7 /INPUT 32 "ReadData"
v0x11406c0_0 .net "ALUSrc", 0 0, v0x1134020_0;  1 drivers
v0x1140810_0 .net "ALUout", 31 0, v0x1138300_0;  alias, 1 drivers
v0x11408d0_0 .net "AluControl", 2 0, v0x1134bf0_0;  1 drivers
v0x1140a00_0 .net "Jump", 0 0, v0x11341b0_0;  1 drivers
v0x1140b30_0 .net "MemToReg", 0 0, v0x1134270_0;  1 drivers
v0x1140c60_0 .net "MemWrite", 0 0, v0x1134380_0;  alias, 1 drivers
v0x1140d00_0 .net "PCSrc", 0 0, L_0x1143530;  1 drivers
v0x1140da0_0 .net "ReadData", 31 0, L_0x11561f0;  alias, 1 drivers
v0x1140e60_0 .net "RegDst", 0 0, v0x1134440_0;  1 drivers
v0x1141020_0 .net "RegWrite", 0 0, v0x1134500_0;  1 drivers
v0x1141150_0 .net "clk", 0 0, v0x11432c0_0;  alias, 1 drivers
v0x11411f0_0 .net "instr", 31 0, L_0x1155eb0;  alias, 1 drivers
v0x11412b0_0 .net "pc", 31 0, v0x11388c0_0;  alias, 1 drivers
v0x1141350_0 .net "reset", 0 0, v0x1143360_0;  alias, 1 drivers
v0x11413f0_0 .net "writedata", 31 0, L_0x1154b50;  alias, 1 drivers
v0x11414b0_0 .net "zero", 0 0, L_0x1155b90;  1 drivers
L_0x11436e0 .part L_0x1155eb0, 26, 6;
L_0x1143830 .part L_0x1155eb0, 0, 6;
S_0x11157a0 .scope module, "U15" "Controller" 3 130, 3 15 0, S_0x11144e0;
 .timescale 0 0;
    .port_info 0 /INPUT 6 "opcode"
    .port_info 1 /INPUT 6 "funct"
    .port_info 2 /INPUT 1 "zero"
    .port_info 3 /OUTPUT 1 "MemToReg"
    .port_info 4 /OUTPUT 1 "MemWrite"
    .port_info 5 /OUTPUT 1 "PCSrc"
    .port_info 6 /OUTPUT 1 "ALUSrc"
    .port_info 7 /OUTPUT 1 "RegDst"
    .port_info 8 /OUTPUT 1 "RegWrite"
    .port_info 9 /OUTPUT 1 "Jump"
    .port_info 10 /OUTPUT 3 "AluControl"
L_0x1143530 .functor AND 1, v0x11340e0_0, L_0x1155b90, C4<1>, C4<1>;
v0x1134e20_0 .net "ALUOp", 1 0, v0x10e65b0_0;  1 drivers
v0x1134f30_0 .net "ALUSrc", 0 0, v0x1134020_0;  alias, 1 drivers
v0x1134ff0_0 .net "AluControl", 2 0, v0x1134bf0_0;  alias, 1 drivers
v0x11350f0_0 .net "Branch", 0 0, v0x11340e0_0;  1 drivers
v0x11351c0_0 .net "Jump", 0 0, v0x11341b0_0;  alias, 1 drivers
v0x11352b0_0 .net "MemToReg", 0 0, v0x1134270_0;  alias, 1 drivers
v0x1135380_0 .net "MemWrite", 0 0, v0x1134380_0;  alias, 1 drivers
v0x1135450_0 .net "PCSrc", 0 0, L_0x1143530;  alias, 1 drivers
v0x11354f0_0 .net "RegDst", 0 0, v0x1134440_0;  alias, 1 drivers
v0x1135650_0 .net "RegWrite", 0 0, v0x1134500_0;  alias, 1 drivers
v0x1135720_0 .net "funct", 5 0, L_0x1143830;  1 drivers
v0x11357f0_0 .net "opcode", 5 0, L_0x11436e0;  1 drivers
v0x11358c0_0 .net "zero", 0 0, L_0x1155b90;  alias, 1 drivers
S_0x1109a70 .scope module, "U1" "Control" 3 46, 4 7 0, S_0x11157a0;
 .timescale 0 0;
    .port_info 0 /INPUT 6 "opcode"
    .port_info 1 /OUTPUT 1 "RegDst"
    .port_info 2 /OUTPUT 1 "Jump"
    .port_info 3 /OUTPUT 1 "Branch"
    .port_info 4 /OUTPUT 1 "MemToReg"
    .port_info 5 /OUTPUT 2 "ALUOp"
    .port_info 6 /OUTPUT 1 "MemWrite"
    .port_info 7 /OUTPUT 1 "ALUSrc"
    .port_info 8 /OUTPUT 1 "RegWrite"
v0x10e65b0_0 .var "ALUOp", 1 0;
v0x1134020_0 .var "ALUSrc", 0 0;
v0x11340e0_0 .var "Branch", 0 0;
v0x11341b0_0 .var "Jump", 0 0;
v0x1134270_0 .var "MemToReg", 0 0;
v0x1134380_0 .var "MemWrite", 0 0;
v0x1134440_0 .var "RegDst", 0 0;
v0x1134500_0 .var "RegWrite", 0 0;
v0x11345c0_0 .net "opcode", 5 0, L_0x11436e0;  alias, 1 drivers
E_0x111aa50 .event edge, v0x11345c0_0;
S_0x1134850 .scope module, "U2" "ALU_control" 3 47, 5 6 0, S_0x11157a0;
 .timescale 0 0;
    .port_info 0 /INPUT 6 "funct"
    .port_info 1 /INPUT 2 "ALUOp"
    .port_info 2 /OUTPUT 3 "AluControl"
v0x1134b10_0 .net "ALUOp", 1 0, v0x10e65b0_0;  alias, 1 drivers
v0x1134bf0_0 .var "AluControl", 2 0;
v0x1134cb0_0 .net "funct", 5 0, L_0x1143830;  alias, 1 drivers
E_0x1134a90 .event edge, v0x10e65b0_0, v0x1134cb0_0;
S_0x11359e0 .scope module, "U16" "Datapath" 3 131, 3 53 0, S_0x11144e0;
 .timescale 0 0;
    .port_info 0 /INPUT 1 "clk"
    .port_info 1 /INPUT 1 "reset"
    .port_info 2 /INPUT 1 "MemToReg"
    .port_info 3 /INPUT 1 "PCSrc"
    .port_info 4 /INPUT 1 "ALUSrc"
    .port_info 5 /INPUT 1 "RegDst"
    .port_info 6 /INPUT 1 "RegWrite"
    .port_info 7 /INPUT 1 "Jump"
    .port_info 8 /INPUT 3 "AluControl"
    .port_info 9 /OUTPUT 1 "zero"
    .port_info 10 /OUTPUT 32 "pc"
    .port_info 11 /INPUT 32 "instr"
    .port_info 12 /OUTPUT 32 "ALUout"
    .port_info 13 /OUTPUT 32 "writedata"
    .port_info 14 /INPUT 32 "ReadData"
v0x113eb20_0 .net "ALUSrc", 0 0, v0x1134020_0;  alias, 1 drivers
v0x113ebe0_0 .net "ALUout", 31 0, v0x1138300_0;  alias, 1 drivers
v0x113eca0_0 .net "AluControl", 2 0, v0x1134bf0_0;  alias, 1 drivers
v0x113ed40_0 .net "Jump", 0 0, v0x11341b0_0;  alias, 1 drivers
v0x113ede0_0 .net "MemToReg", 0 0, v0x1134270_0;  alias, 1 drivers
v0x113eed0_0 .net "PCSrc", 0 0, L_0x1143530;  alias, 1 drivers
v0x113efc0_0 .net "ReadData", 31 0, L_0x11561f0;  alias, 1 drivers
v0x113f080_0 .net "RegDst", 0 0, v0x1134440_0;  alias, 1 drivers
v0x113f120_0 .net "RegWrite", 0 0, v0x1134500_0;  alias, 1 drivers
v0x113f250_0 .net *"_s3", 3 0, L_0x1153fe0;  1 drivers
v0x113f310_0 .net *"_s5", 25 0, L_0x1154080;  1 drivers
L_0x7f1471c040a8 .functor BUFT 1, C4<00>, C4<0>, C4<0>, C4<0>;
v0x113f3f0_0 .net/2u *"_s6", 1 0, L_0x7f1471c040a8;  1 drivers
v0x113f4d0_0 .net "clk", 0 0, v0x11432c0_0;  alias, 1 drivers
v0x113f570_0 .net "instr", 31 0, L_0x1155eb0;  alias, 1 drivers
v0x113f650_0 .net "pc", 31 0, v0x11388c0_0;  alias, 1 drivers
v0x113f760_0 .net "pcbranch", 31 0, L_0x1153c50;  1 drivers
v0x113f870_0 .net "pcnext", 31 0, L_0x1153eb0;  1 drivers
v0x113fa20_0 .net "pcnextbr", 31 0, L_0x1153d80;  1 drivers
v0x113fb10_0 .net "pcplus4", 31 0, L_0x11438d0;  1 drivers
v0x113fbd0_0 .net "reset", 0 0, v0x1143360_0;  alias, 1 drivers
v0x113fc70_0 .net "result", 31 0, L_0x1155170;  1 drivers
v0x113fd60_0 .net "signimm", 31 0, L_0x1155430;  1 drivers
v0x113fe20_0 .net "signimmsh", 31 0, L_0x1153bb0;  1 drivers
v0x113ff30_0 .net "srca", 31 0, L_0x1154490;  1 drivers
v0x1140040_0 .net "srcb", 31 0, L_0x1155830;  1 drivers
v0x1140150_0 .net "writedata", 31 0, L_0x1154b50;  alias, 1 drivers
v0x1140260_0 .net "writereg", 4 0, L_0x1154f40;  1 drivers
v0x1140370_0 .net "zero", 0 0, L_0x1155b90;  alias, 1 drivers
L_0x1153fe0 .part L_0x11438d0, 28, 4;
L_0x1154080 .part L_0x1155eb0, 0, 26;
L_0x1154120 .concat [ 2 26 4 0], L_0x7f1471c040a8, L_0x1154080, L_0x1153fe0;
L_0x1154cf0 .part L_0x1155eb0, 21, 5;
L_0x1154d90 .part L_0x1155eb0, 16, 5;
L_0x1154fe0 .part L_0x1155eb0, 16, 5;
L_0x1155080 .part L_0x1155eb0, 11, 5;
L_0x1155520 .part L_0x1155eb0, 0, 16;
S_0x1135d70 .scope module, "U10" "mux2_1" 3 98, 6 4 0, S_0x11359e0;
 .timescale 0 0;
    .port_info 0 /INPUT 5 "in0"
    .port_info 1 /INPUT 5 "in1"
    .port_info 2 /INPUT 1 "sel"
    .port_info 3 /OUTPUT 5 "out"
P_0x1135f40 .param/l "N" 0 6 4, +C4<0101>;
v0x11360c0_0 .net "in0", 4 0, L_0x1154fe0;  1 drivers
v0x11361a0_0 .net "in1", 4 0, L_0x1155080;  1 drivers
v0x1136280_0 .net "out", 4 0, L_0x1154f40;  alias, 1 drivers
v0x1136370_0 .net "sel", 0 0, v0x1134440_0;  alias, 1 drivers
L_0x1154f40 .functor MUXZ 5, L_0x1154fe0, L_0x1155080, v0x1134440_0, C4<>;
S_0x11364e0 .scope module, "U11" "mux2_1" 3 99, 6 4 0, S_0x11359e0;
 .timescale 0 0;
    .port_info 0 /INPUT 32 "in0"
    .port_info 1 /INPUT 32 "in1"
    .port_info 2 /INPUT 1 "sel"
    .port_info 3 /OUTPUT 32 "out"
P_0x11366d0 .param/l "N" 0 6 4, +C4<0100000>;
v0x11367e0_0 .net "in0", 31 0, v0x1138300_0;  alias, 1 drivers
v0x11368e0_0 .net "in1", 31 0, L_0x11561f0;  alias, 1 drivers
v0x11369c0_0 .net "out", 31 0, L_0x1155170;  alias, 1 drivers
v0x1136ab0_0 .net "sel", 0 0, v0x1134270_0;  alias, 1 drivers
L_0x1155170 .functor MUXZ 32, v0x1138300_0, L_0x11561f0, v0x1134270_0, C4<>;
S_0x1136c20 .scope module, "U12" "Sign_Extend" 3 100, 7 4 0, S_0x11359e0;
 .timescale 0 0;
    .port_info 0 /INPUT 16 "a"
    .port_info 1 /OUTPUT 32 "y"
v0x1136e30_0 .net *"_s1", 0 0, L_0x1155210;  1 drivers
v0x1136f30_0 .net *"_s2", 15 0, L_0x11552b0;  1 drivers
v0x1137010_0 .net "a", 15 0, L_0x1155520;  1 drivers
v0x1137100_0 .net "y", 31 0, L_0x1155430;  alias, 1 drivers
L_0x1155210 .part L_0x1155520, 15, 1;
LS_0x11552b0_0_0 .concat [ 1 1 1 1], L_0x1155210, L_0x1155210, L_0x1155210, L_0x1155210;
LS_0x11552b0_0_4 .concat [ 1 1 1 1], L_0x1155210, L_0x1155210, L_0x1155210, L_0x1155210;
LS_0x11552b0_0_8 .concat [ 1 1 1 1], L_0x1155210, L_0x1155210, L_0x1155210, L_0x1155210;
LS_0x11552b0_0_12 .concat [ 1 1 1 1], L_0x1155210, L_0x1155210, L_0x1155210, L_0x1155210;
L_0x11552b0 .concat [ 4 4 4 4], LS_0x11552b0_0_0, LS_0x11552b0_0_4, LS_0x11552b0_0_8, LS_0x11552b0_0_12;
L_0x1155430 .concat [ 16 16 0 0], L_0x1155520, L_0x11552b0;
S_0x1137240 .scope module, "U13" "mux2_1" 3 103, 6 4 0, S_0x11359e0;
 .timescale 0 0;
    .port_info 0 /INPUT 32 "in0"
    .port_info 1 /INPUT 32 "in1"
    .port_info 2 /INPUT 1 "sel"
    .port_info 3 /OUTPUT 32 "out"
P_0x1137410 .param/l "N" 0 6 4, +C4<0100000>;
v0x1137550_0 .net "in0", 31 0, L_0x1154b50;  alias, 1 drivers
v0x1137650_0 .net "in1", 31 0, L_0x1155430;  alias, 1 drivers
v0x1137740_0 .net "out", 31 0, L_0x1155830;  alias, 1 drivers
v0x1137810_0 .net "sel", 0 0, v0x1134020_0;  alias, 1 drivers
L_0x1155830 .functor MUXZ 32, L_0x1154b50, L_0x1155430, v0x1134020_0, C4<>;
S_0x1137980 .scope module, "U14" "ALU" 3 104, 8 6 0, S_0x11359e0;
 .timescale 0 0;
    .port_info 0 /INPUT 32 "a"
    .port_info 1 /INPUT 32 "b"
    .port_info 2 /INPUT 3 "alu_control"
    .port_info 3 /OUTPUT 32 "result"
    .port_info 4 /OUTPUT 1 "zero"
L_0x7f1471c04330 .functor BUFT 1, C4<00000000000000000000000000000000>, C4<0>, C4<0>, C4<0>;
v0x1137ca0_0 .net/2u *"_s0", 31 0, L_0x7f1471c04330;  1 drivers
v0x1137da0_0 .net *"_s2", 0 0, L_0x11559e0;  1 drivers
L_0x7f1471c04378 .functor BUFT 1, C4<1>, C4<0>, C4<0>, C4<0>;
v0x1137e60_0 .net/2u *"_s4", 0 0, L_0x7f1471c04378;  1 drivers
L_0x7f1471c043c0 .functor BUFT 1, C4<0>, C4<0>, C4<0>, C4<0>;
v0x1137f20_0 .net/2u *"_s6", 0 0, L_0x7f1471c043c0;  1 drivers
v0x1138000_0 .net "a", 31 0, L_0x1154490;  alias, 1 drivers
v0x1138130_0 .net "alu_control", 2 0, v0x1134bf0_0;  alias, 1 drivers
v0x1138240_0 .net "b", 31 0, L_0x1155830;  alias, 1 drivers
v0x1138300_0 .var "result", 31 0;
v0x11383a0_0 .net "zero", 0 0, L_0x1155b90;  alias, 1 drivers
E_0x1137c20 .event edge, v0x1134bf0_0, v0x1138000_0, v0x1137740_0;
L_0x11559e0 .cmp/eq 32, v0x1138300_0, L_0x7f1471c04330;
L_0x1155b90 .functor MUXZ 1, L_0x7f1471c043c0, L_0x7f1471c04378, L_0x11559e0, C4<>;
S_0x1138590 .scope module, "U3" "ProgramCounter" 3 89, 9 4 0, S_0x11359e0;
 .timescale 0 0;
    .port_info 0 /INPUT 1 "clk"
    .port_info 1 /INPUT 1 "reset"
    .port_info 2 /INPUT 32 "NextAddr"
    .port_info 3 /OUTPUT 32 "Addr"
P_0x1138710 .param/l "WIDTH" 0 9 4, +C4<0100000>;
v0x11388c0_0 .var "Addr", 31 0;
v0x11389c0_0 .net "NextAddr", 31 0, L_0x1153eb0;  alias, 1 drivers
v0x1138aa0_0 .net "clk", 0 0, v0x11432c0_0;  alias, 1 drivers
v0x1138b70_0 .net "reset", 0 0, v0x1143360_0;  alias, 1 drivers
E_0x1138840 .event posedge, v0x1138b70_0, v0x1138aa0_0;
S_0x1138ce0 .scope module, "U4" "Adder" 3 90, 10 4 0, S_0x11359e0;
 .timescale 0 0;
    .port_info 0 /INPUT 32 "a"
    .port_info 1 /INPUT 32 "b"
    .port_info 2 /OUTPUT 32 "y"
v0x1138f20_0 .net "a", 31 0, v0x11388c0_0;  alias, 1 drivers
L_0x7f1471c04018 .functor BUFT 1, C4<00000000000000000000000000000100>, C4<0>, C4<0>, C4<0>;
v0x1139000_0 .net "b", 31 0, L_0x7f1471c04018;  1 drivers
v0x11390c0_0 .net "y", 31 0, L_0x11438d0;  alias, 1 drivers
L_0x11438d0 .arith/sum 32, v0x11388c0_0, L_0x7f1471c04018;
S_0x1139230 .scope module, "U5" "Shift_Left_2" 3 91, 11 7 0, S_0x11359e0;
 .timescale 0 0;
    .port_info 0 /INPUT 32 "a"
    .port_info 1 /OUTPUT 32 "y"
v0x1139440_0 .net *"_s2", 29 0, L_0x1153a80;  1 drivers
L_0x7f1471c04060 .functor BUFT 1, C4<00>, C4<0>, C4<0>, C4<0>;
v0x1139540_0 .net *"_s4", 1 0, L_0x7f1471c04060;  1 drivers
v0x1139620_0 .net "a", 31 0, L_0x1155430;  alias, 1 drivers
v0x1139740_0 .net "y", 31 0, L_0x1153bb0;  alias, 1 drivers
L_0x1153a80 .part L_0x1155430, 0, 30;
L_0x1153bb0 .concat [ 2 30 0 0], L_0x7f1471c04060, L_0x1153a80;
S_0x1139880 .scope module, "U6" "Adder" 3 92, 10 4 0, S_0x11359e0;
 .timescale 0 0;
    .port_info 0 /INPUT 32 "a"
    .port_info 1 /INPUT 32 "b"
    .port_info 2 /OUTPUT 32 "y"
v0x1139ae0_0 .net "a", 31 0, L_0x11438d0;  alias, 1 drivers
v0x1139bc0_0 .net "b", 31 0, L_0x1153bb0;  alias, 1 drivers
v0x1139c90_0 .net "y", 31 0, L_0x1153c50;  alias, 1 drivers
L_0x1153c50 .arith/sum 32, L_0x11438d0, L_0x1153bb0;
S_0x1139de0 .scope module, "U7" "mux2_1" 3 93, 6 4 0, S_0x11359e0;
 .timescale 0 0;
    .port_info 0 /INPUT 32 "in0"
    .port_info 1 /INPUT 32 "in1"
    .port_info 2 /INPUT 1 "sel"
    .port_info 3 /OUTPUT 32 "out"
P_0x1139fb0 .param/l "N" 0 6 4, +C4<0100000>;
v0x113a0f0_0 .net "in0", 31 0, L_0x11438d0;  alias, 1 drivers
v0x113a220_0 .net "in1", 31 0, L_0x1153c50;  alias, 1 drivers
v0x113a2e0_0 .net "out", 31 0, L_0x1153d80;  alias, 1 drivers
v0x113a3b0_0 .net "sel", 0 0, L_0x1143530;  alias, 1 drivers
L_0x1153d80 .functor MUXZ 32, L_0x11438d0, L_0x1153c50, L_0x1143530, C4<>;
S_0x113a510 .scope module, "U8" "mux2_1" 3 94, 6 4 0, S_0x11359e0;
 .timescale 0 0;
    .port_info 0 /INPUT 32 "in0"
    .port_info 1 /INPUT 32 "in1"
    .port_info 2 /INPUT 1 "sel"
    .port_info 3 /OUTPUT 32 "out"
P_0x113a6e0 .param/l "N" 0 6 4, +C4<0100000>;
v0x113a810_0 .net "in0", 31 0, L_0x1153d80;  alias, 1 drivers
v0x113a920_0 .net "in1", 31 0, L_0x1154120;  1 drivers
v0x113a9e0_0 .net "out", 31 0, L_0x1153eb0;  alias, 1 drivers
v0x113aae0_0 .net "sel", 0 0, v0x11341b0_0;  alias, 1 drivers
L_0x1153eb0 .functor MUXZ 32, L_0x1153d80, L_0x1154120, v0x11341b0_0, C4<>;
S_0x113ac30 .scope module, "U9" "Registers" 3 97, 12 4 0, S_0x11359e0;
 .timescale 0 0;
    .port_info 0 /INPUT 1 "clk"
    .port_info 1 /INPUT 1 "RegWrite"
    .port_info 2 /INPUT 5 "ReadRegister1"
    .port_info 3 /INPUT 5 "ReadRegister2"
    .port_info 4 /INPUT 5 "WriteRegister"
    .port_info 5 /INPUT 32 "WriteData"
    .port_info 6 /OUTPUT 32 "ReadData1"
    .port_info 7 /OUTPUT 32 "ReadData2"
v0x113b0f0_0 .net "ReadData1", 31 0, L_0x1154490;  alias, 1 drivers
v0x113b1d0_0 .net "ReadData2", 31 0, L_0x1154b50;  alias, 1 drivers
v0x113b2a0_0 .net "ReadRegister1", 4 0, L_0x1154cf0;  1 drivers
v0x113b370_0 .net "ReadRegister2", 4 0, L_0x1154d90;  1 drivers
v0x113b450_0 .net "RegWrite", 0 0, v0x1134500_0;  alias, 1 drivers
v0x113b590 .array "Registr", 0 31, 31 0;
v0x113bb60_0 .net "WriteData", 31 0, L_0x1155170;  alias, 1 drivers
v0x113bc20_0 .net "WriteRegister", 4 0, L_0x1154f40;  alias, 1 drivers
v0x113bcc0_0 .net *"_s0", 5 0, L_0x11541c0;  1 drivers
v0x113be10_0 .net *"_s10", 6 0, L_0x11543a0;  1 drivers
L_0x7f1471c04180 .functor BUFT 1, C4<00>, C4<0>, C4<0>, C4<0>;
v0x113bef0_0 .net *"_s13", 1 0, L_0x7f1471c04180;  1 drivers
L_0x7f1471c041c8 .functor BUFT 1, C4<00000000000000000000000000000000>, C4<0>, C4<0>, C4<0>;
v0x113bfd0_0 .net/2u *"_s14", 31 0, L_0x7f1471c041c8;  1 drivers
v0x113c0b0_0 .net *"_s18", 5 0, L_0x1154620;  1 drivers
L_0x7f1471c04210 .functor BUFT 1, C4<0>, C4<0>, C4<0>, C4<0>;
v0x113c190_0 .net *"_s21", 0 0, L_0x7f1471c04210;  1 drivers
L_0x7f1471c04258 .functor BUFT 1, C4<000000>, C4<0>, C4<0>, C4<0>;
v0x113c270_0 .net/2u *"_s22", 5 0, L_0x7f1471c04258;  1 drivers
v0x113c350_0 .net *"_s24", 0 0, L_0x11547e0;  1 drivers
v0x113c410_0 .net *"_s26", 31 0, L_0x11548d0;  1 drivers
v0x113c5c0_0 .net *"_s28", 6 0, L_0x11549c0;  1 drivers
L_0x7f1471c040f0 .functor BUFT 1, C4<0>, C4<0>, C4<0>, C4<0>;
v0x113c660_0 .net *"_s3", 0 0, L_0x7f1471c040f0;  1 drivers
L_0x7f1471c042a0 .functor BUFT 1, C4<00>, C4<0>, C4<0>, C4<0>;
v0x113c740_0 .net *"_s31", 1 0, L_0x7f1471c042a0;  1 drivers
L_0x7f1471c042e8 .functor BUFT 1, C4<00000000000000000000000000000000>, C4<0>, C4<0>, C4<0>;
v0x113c820_0 .net/2u *"_s32", 31 0, L_0x7f1471c042e8;  1 drivers
L_0x7f1471c04138 .functor BUFT 1, C4<000000>, C4<0>, C4<0>, C4<0>;
v0x113c900_0 .net/2u *"_s4", 5 0, L_0x7f1471c04138;  1 drivers
v0x113c9e0_0 .net *"_s6", 0 0, L_0x1154260;  1 drivers
v0x113caa0_0 .net *"_s8", 31 0, L_0x1154300;  1 drivers
v0x113cb80_0 .net "clk", 0 0, v0x11432c0_0;  alias, 1 drivers
v0x113cc50_0 .var/i "i", 31 0;
v0x113cd10_0 .var "rd0", 31 0;
v0x113cdf0_0 .var "rd1", 31 0;
v0x113ced0_0 .var "rd10", 31 0;
v0x113cfb0_0 .var "rd11", 31 0;
v0x113d090_0 .var "rd12", 31 0;
v0x113d170_0 .var "rd13", 31 0;
v0x113d250_0 .var "rd14", 31 0;
v0x113c4f0_0 .var "rd15", 31 0;
v0x113d520_0 .var "rd16", 31 0;
v0x113d600_0 .var "rd17", 31 0;
v0x113d6e0_0 .var "rd18", 31 0;
v0x113d7c0_0 .var "rd19", 31 0;
v0x113d8a0_0 .var "rd2", 31 0;
v0x113d980_0 .var "rd20", 31 0;
v0x113da60_0 .var "rd21", 31 0;
v0x113db40_0 .var "rd22", 31 0;
v0x113dc20_0 .var "rd23", 31 0;
v0x113dd00_0 .var "rd24", 31 0;
v0x113dde0_0 .var "rd25", 31 0;
v0x113dec0_0 .var "rd26", 31 0;
v0x113dfa0_0 .var "rd27", 31 0;
v0x113e080_0 .var "rd28", 31 0;
v0x113e160_0 .var "rd29", 31 0;
v0x113e240_0 .var "rd3", 31 0;
v0x113e320_0 .var "rd30", 31 0;
v0x113e400_0 .var "rd31", 31 0;
v0x113e4e0_0 .var "rd4", 31 0;
v0x113e5c0_0 .var "rd5", 31 0;
v0x113e6a0_0 .var "rd6", 31 0;
v0x113e780_0 .var "rd7", 31 0;
v0x113e860_0 .var "rd8", 31 0;
v0x113e940_0 .var "rd9", 31 0;
v0x113b590_0 .array/port v0x113b590, 0;
v0x113b590_1 .array/port v0x113b590, 1;
v0x113b590_2 .array/port v0x113b590, 2;
v0x113b590_3 .array/port v0x113b590, 3;
E_0x113af20/0 .event edge, v0x113b590_0, v0x113b590_1, v0x113b590_2, v0x113b590_3;
v0x113b590_4 .array/port v0x113b590, 4;
v0x113b590_5 .array/port v0x113b590, 5;
v0x113b590_6 .array/port v0x113b590, 6;
v0x113b590_7 .array/port v0x113b590, 7;
E_0x113af20/1 .event edge, v0x113b590_4, v0x113b590_5, v0x113b590_6, v0x113b590_7;
v0x113b590_8 .array/port v0x113b590, 8;
v0x113b590_9 .array/port v0x113b590, 9;
v0x113b590_10 .array/port v0x113b590, 10;
v0x113b590_11 .array/port v0x113b590, 11;
E_0x113af20/2 .event edge, v0x113b590_8, v0x113b590_9, v0x113b590_10, v0x113b590_11;
v0x113b590_12 .array/port v0x113b590, 12;
v0x113b590_13 .array/port v0x113b590, 13;
v0x113b590_14 .array/port v0x113b590, 14;
v0x113b590_15 .array/port v0x113b590, 15;
E_0x113af20/3 .event edge, v0x113b590_12, v0x113b590_13, v0x113b590_14, v0x113b590_15;
v0x113b590_16 .array/port v0x113b590, 16;
v0x113b590_17 .array/port v0x113b590, 17;
v0x113b590_18 .array/port v0x113b590, 18;
v0x113b590_19 .array/port v0x113b590, 19;
E_0x113af20/4 .event edge, v0x113b590_16, v0x113b590_17, v0x113b590_18, v0x113b590_19;
v0x113b590_20 .array/port v0x113b590, 20;
v0x113b590_21 .array/port v0x113b590, 21;
v0x113b590_22 .array/port v0x113b590, 22;
v0x113b590_23 .array/port v0x113b590, 23;
E_0x113af20/5 .event edge, v0x113b590_20, v0x113b590_21, v0x113b590_22, v0x113b590_23;
v0x113b590_24 .array/port v0x113b590, 24;
v0x113b590_25 .array/port v0x113b590, 25;
v0x113b590_26 .array/port v0x113b590, 26;
v0x113b590_27 .array/port v0x113b590, 27;
E_0x113af20/6 .event edge, v0x113b590_24, v0x113b590_25, v0x113b590_26, v0x113b590_27;
v0x113b590_28 .array/port v0x113b590, 28;
v0x113b590_29 .array/port v0x113b590, 29;
v0x113b590_30 .array/port v0x113b590, 30;
v0x113b590_31 .array/port v0x113b590, 31;
E_0x113af20/7 .event edge, v0x113b590_28, v0x113b590_29, v0x113b590_30, v0x113b590_31;
E_0x113af20 .event/or E_0x113af20/0, E_0x113af20/1, E_0x113af20/2, E_0x113af20/3, E_0x113af20/4, E_0x113af20/5, E_0x113af20/6, E_0x113af20/7;
E_0x113b090 .event posedge, v0x1138aa0_0;
L_0x11541c0 .concat [ 5 1 0 0], L_0x1154cf0, L_0x7f1471c040f0;
L_0x1154260 .cmp/ne 6, L_0x11541c0, L_0x7f1471c04138;
L_0x1154300 .array/port v0x113b590, L_0x11543a0;
L_0x11543a0 .concat [ 5 2 0 0], L_0x1154cf0, L_0x7f1471c04180;
L_0x1154490 .functor MUXZ 32, L_0x7f1471c041c8, L_0x1154300, L_0x1154260, C4<>;
L_0x1154620 .concat [ 5 1 0 0], L_0x1154d90, L_0x7f1471c04210;
L_0x11547e0 .cmp/ne 6, L_0x1154620, L_0x7f1471c04258;
L_0x11548d0 .array/port v0x113b590, L_0x11549c0;
L_0x11549c0 .concat [ 5 2 0 0], L_0x1154d90, L_0x7f1471c042a0;
L_0x1154b50 .functor MUXZ 32, L_0x7f1471c042e8, L_0x11548d0, L_0x11547e0, C4<>;
S_0x1141650 .scope module, "U18" "Instruction_Memory" 3 150, 13 4 0, S_0x10b2860;
 .timescale 0 0;
    .port_info 0 /INPUT 6 "address"
    .port_info 1 /OUTPUT 32 "instr"
L_0x1155eb0 .functor BUFZ 32, L_0x1155cd0, C4<00000000000000000000000000000000>, C4<00000000000000000000000000000000>, C4<00000000000000000000000000000000>;
v0x1141830_0 .net *"_s0", 31 0, L_0x1155cd0;  1 drivers
v0x1141930_0 .net *"_s2", 7 0, L_0x1155d70;  1 drivers
L_0x7f1471c04408 .functor BUFT 1, C4<00>, C4<0>, C4<0>, C4<0>;
v0x1141a10_0 .net *"_s5", 1 0, L_0x7f1471c04408;  1 drivers
v0x1141ad0_0 .net "address", 5 0, L_0x1155f70;  1 drivers
v0x1141bb0_0 .net "instr", 31 0, L_0x1155eb0;  alias, 1 drivers
v0x1141cc0 .array "mem", 0 63, 31 0;
L_0x1155cd0 .array/port v0x1141cc0, L_0x1155d70;
L_0x1155d70 .concat [ 6 2 0 0], L_0x1155f70, L_0x7f1471c04408;
S_0x1141de0 .scope module, "U19" "Data_Memory" 3 151, 14 4 0, S_0x10b2860;
 .timescale 0 0;
    .port_info 0 /INPUT 1 "clk"
    .port_info 1 /INPUT 1 "MemWrite"
    .port_info 2 /INPUT 32 "Address"
    .port_info 3 /INPUT 32 "WriteData"
    .port_info 4 /OUTPUT 32 "ReadData"
L_0x11561f0 .functor BUFZ 32, L_0x1156060, C4<00000000000000000000000000000000>, C4<00000000000000000000000000000000>, C4<00000000000000000000000000000000>;
v0x1141fb0_0 .net "Address", 31 0, v0x1138300_0;  alias, 1 drivers
v0x11420e0_0 .net "MemWrite", 0 0, v0x1134380_0;  alias, 1 drivers
v0x11421a0 .array "RAM", 0 63, 31 0;
v0x1142240_0 .net "ReadData", 31 0, L_0x11561f0;  alias, 1 drivers
v0x11422e0_0 .net "WriteData", 31 0, L_0x1154b50;  alias, 1 drivers
v0x1142430_0 .net *"_s0", 31 0, L_0x1156060;  1 drivers
v0x1142510_0 .net *"_s3", 29 0, L_0x1156100;  1 drivers
v0x11425f0_0 .net "clk", 0 0, v0x11432c0_0;  alias, 1 drivers
v0x1142720_0 .var/i "i", 31 0;
L_0x1156060 .array/port v0x11421a0, L_0x1156100;
L_0x1156100 .part v0x1138300_0, 2, 30;
    .scope S_0x1109a70;
T_0 ;
    %wait E_0x111aa50;
    %load/v 8, v0x11345c0_0, 6;
    %cmp/x 8, 0, 6;
    %jmp/1 T_0.0, 4;
    %movi 14, 35, 6;
    %cmp/x 8, 14, 6;
    %jmp/1 T_0.1, 4;
    %movi 14, 43, 6;
    %cmp/x 8, 14, 6;
    %jmp/1 T_0.2, 4;
    %movi 14, 4, 6;
    %cmp/x 8, 14, 6;
    %jmp/1 T_0.3, 4;
    %movi 14, 8, 6;
    %cmp/x 8, 14, 6;
    %jmp/1 T_0.4, 4;
    %movi 14, 2, 6;
    %cmp/x 8, 14, 6;
    %jmp/1 T_0.5, 4;
    %set/v v0x1134440_0, 0, 1;
    %set/v v0x11341b0_0, 0, 1;
    %set/v v0x11340e0_0, 0, 1;
    %set/v v0x1134270_0, 0, 1;
    %set/v v0x10e65b0_0, 0, 2;
    %set/v v0x1134380_0, 0, 1;
    %set/v v0x1134020_0, 0, 1;
    %set/v v0x1134500_0, 0, 1;
    %jmp T_0.7;
T_0.0 ;
    %set/v v0x1134440_0, 1, 1;
    %set/v v0x11341b0_0, 0, 1;
    %set/v v0x11340e0_0, 0, 1;
    %set/v v0x1134270_0, 0, 1;
    %movi 8, 2, 2;
    %set/v v0x10e65b0_0, 8, 2;
    %set/v v0x1134380_0, 0, 1;
    %set/v v0x1134020_0, 0, 1;
    %set/v v0x1134500_0, 1, 1;
    %jmp T_0.7;
T_0.1 ;
    %set/v v0x1134440_0, 0, 1;
    %set/v v0x11341b0_0, 0, 1;
    %set/v v0x11340e0_0, 0, 1;
    %set/v v0x1134270_0, 1, 1;
    %set/v v0x10e65b0_0, 0, 2;
    %set/v v0x1134380_0, 0, 1;
    %set/v v0x1134020_0, 1, 1;
    %set/v v0x1134500_0, 1, 1;
    %jmp T_0.7;
T_0.2 ;
    %set/v v0x1134440_0, 0, 1;
    %set/v v0x11341b0_0, 0, 1;
    %set/v v0x11340e0_0, 0, 1;
    %set/v v0x1134270_0, 0, 1;
    %set/v v0x10e65b0_0, 0, 2;
    %set/v v0x1134380_0, 1, 1;
    %set/v v0x1134020_0, 1, 1;
    %set/v v0x1134500_0, 0, 1;
    %jmp T_0.7;
T_0.3 ;
    %set/v v0x1134440_0, 0, 1;
    %set/v v0x11341b0_0, 0, 1;
    %set/v v0x11340e0_0, 1, 1;
    %set/v v0x1134270_0, 0, 1;
    %movi 8, 1, 2;
    %set/v v0x10e65b0_0, 8, 2;
    %set/v v0x1134380_0, 0, 1;
    %set/v v0x1134020_0, 0, 1;
    %set/v v0x1134500_0, 0, 1;
    %jmp T_0.7;
T_0.4 ;
    %set/v v0x1134440_0, 0, 1;
    %set/v v0x11341b0_0, 0, 1;
    %set/v v0x11340e0_0, 0, 1;
    %set/v v0x1134270_0, 0, 1;
    %set/v v0x10e65b0_0, 0, 2;
    %set/v v0x1134380_0, 0, 1;
    %set/v v0x1134020_0, 1, 1;
    %set/v v0x1134500_0, 1, 1;
    %jmp T_0.7;
T_0.5 ;
    %set/v v0x1134440_0, 0, 1;
    %set/v v0x11341b0_0, 1, 1;
    %set/v v0x11340e0_0, 0, 1;
    %set/v v0x1134270_0, 0, 1;
    %set/v v0x10e65b0_0, 0, 2;
    %set/v v0x1134380_0, 0, 1;
    %set/v v0x1134020_0, 0, 1;
    %set/v v0x1134500_0, 0, 1;
    %jmp T_0.7;
T_0.7 ;
    %jmp T_0;
    .thread T_0, $push;
    .scope S_0x1134850;
T_1 ;
    %wait E_0x1134a90;
    %load/v 8, v0x1134cb0_0, 6;
    %load/v 14, v0x1134b10_0, 2;
    %mov 16, 2, 6;
    %movi 22, 0, 2;
    %cmp/x 8, 16, 8;
    %jmp/1 T_1.0, 4;
    %mov 24, 2, 6;
    %movi 30, 1, 1;
    %mov 31, 2, 1;
    %cmp/x 8, 24, 8;
    %jmp/1 T_1.1, 4;
    %movi 32, 32, 6;
    %mov 38, 2, 1;
    %movi 39, 1, 1;
    %cmp/x 8, 32, 8;
    %jmp/1 T_1.2, 4;
    %movi 40, 34, 6;
    %mov 46, 2, 1;
    %movi 47, 1, 1;
    %cmp/x 8, 40, 8;
    %jmp/1 T_1.3, 4;
    %movi 48, 36, 6;
    %mov 54, 2, 1;
    %movi 55, 1, 1;
    %cmp/x 8, 48, 8;
    %jmp/1 T_1.4, 4;
    %movi 56, 37, 6;
    %mov 62, 2, 1;
    %movi 63, 1, 1;
    %cmp/x 8, 56, 8;
    %jmp/1 T_1.5, 4;
    %movi 64, 42, 6;
    %mov 70, 2, 1;
    %movi 71, 1, 1;
    %cmp/x 8, 64, 8;
    %jmp/1 T_1.6, 4;
    %movi 72, 38, 6;
    %mov 78, 2, 1;
    %movi 79, 1, 1;
    %cmp/x 8, 72, 8;
    %jmp/1 T_1.7, 4;
    %ix/load 0, 3, 0;
    %assign/v0 v0x1134bf0_0, 0, 2;
    %jmp T_1.9;
T_1.0 ;
    %movi 8, 2, 3;
    %ix/load 0, 3, 0;
    %assign/v0 v0x1134bf0_0, 0, 8;
    %jmp T_1.9;
T_1.1 ;
    %movi 8, 6, 3;
    %ix/load 0, 3, 0;
    %assign/v0 v0x1134bf0_0, 0, 8;
    %jmp T_1.9;
T_1.2 ;
    %movi 8, 2, 3;
    %ix/load 0, 3, 0;
    %assign/v0 v0x1134bf0_0, 0, 8;
    %jmp T_1.9;
T_1.3 ;
    %movi 8, 6, 3;
    %ix/load 0, 3, 0;
    %assign/v0 v0x1134bf0_0, 0, 8;
    %jmp T_1.9;
T_1.4 ;
    %ix/load 0, 3, 0;
    %assign/v0 v0x1134bf0_0, 0, 0;
    %jmp T_1.9;
T_1.5 ;
    %movi 8, 1, 3;
    %ix/load 0, 3, 0;
    %assign/v0 v0x1134bf0_0, 0, 8;
    %jmp T_1.9;
T_1.6 ;
    %ix/load 0, 3, 0;
    %assign/v0 v0x1134bf0_0, 0, 1;
    %jmp T_1.9;
T_1.7 ;
    %movi 8, 3, 3;
    %ix/load 0, 3, 0;
    %assign/v0 v0x1134bf0_0, 0, 8;
    %jmp T_1.9;
T_1.9 ;
    %jmp T_1;
    .thread T_1, $push;
    .scope S_0x1138590;
T_2 ;
    %wait E_0x1138840;
    %load/v 8, v0x1138b70_0, 1;
    %jmp/0xz  T_2.0, 8;
    %ix/load 0, 32, 0;
    %assign/v0 v0x11388c0_0, 0, 0;
    %jmp T_2.1;
T_2.0 ;
    %load/v 8, v0x11389c0_0, 32;
    %ix/load 0, 32, 0;
    %assign/v0 v0x11388c0_0, 0, 8;
T_2.1 ;
    %jmp T_2;
    .thread T_2;
    .scope S_0x113ac30;
T_3 ;
    %set/v v0x113cc50_0, 0, 32;
T_3.0 ;
    %load/v 8, v0x113cc50_0, 32;
    %cmpi/s 8, 32, 32;
    %jmp/0xz T_3.1, 5;
    %ix/getv/s 3, v0x113cc50_0;
    %jmp/1 t_0, 4;
    %ix/load 1, 0, 0;
    %set/av v0x113b590, 0, 32;
t_0 ;
    %ix/load 0, 1, 0;
    %load/vp0/s 8, v0x113cc50_0, 32;
    %set/v v0x113cc50_0, 8, 32;
    %jmp T_3.0;
T_3.1 ;
    %end;
    .thread T_3;
    .scope S_0x113ac30;
T_4 ;
    %wait E_0x113b090;
    %load/v 8, v0x113b450_0, 1;
    %jmp/0xz  T_4.0, 8;
    %load/v 8, v0x113bb60_0, 32;
    %load/v 40, v0x113bc20_0, 5;
    %pad 45, 0, 2;
    %ix/get 3, 40, 7;
    %jmp/1 t_1, 4;
    %ix/load 1, 0, 0; part off
    %ix/load 0, 32, 0; word width
    %assign/av v0x113b590, 0, 8;
t_1 ;
T_4.0 ;
    %jmp T_4;
    .thread T_4;
    .scope S_0x113ac30;
T_5 ;
    %wait E_0x113af20;
    %ix/load 3, 0, 0;
    %mov 4, 0, 1;
    %load/av 8, v0x113b590, 32;
    %set/v v0x113cd10_0, 8, 32;
    %ix/load 3, 1, 0;
    %mov 4, 0, 1;
    %load/av 8, v0x113b590, 32;
    %set/v v0x113cdf0_0, 8, 32;
    %ix/load 3, 2, 0;
    %mov 4, 0, 1;
    %load/av 8, v0x113b590, 32;
    %set/v v0x113d8a0_0, 8, 32;
    %ix/load 3, 3, 0;
    %mov 4, 0, 1;
    %load/av 8, v0x113b590, 32;
    %set/v v0x113e240_0, 8, 32;
    %ix/load 3, 4, 0;
    %mov 4, 0, 1;
    %load/av 8, v0x113b590, 32;
    %set/v v0x113e4e0_0, 8, 32;
    %ix/load 3, 5, 0;
    %mov 4, 0, 1;
    %load/av 8, v0x113b590, 32;
    %set/v v0x113e5c0_0, 8, 32;
    %ix/load 3, 6, 0;
    %mov 4, 0, 1;
    %load/av 8, v0x113b590, 32;
    %set/v v0x113e6a0_0, 8, 32;
    %ix/load 3, 7, 0;
    %mov 4, 0, 1;
    %load/av 8, v0x113b590, 32;
    %set/v v0x113e780_0, 8, 32;
    %ix/load 3, 8, 0;
    %mov 4, 0, 1;
    %load/av 8, v0x113b590, 32;
    %set/v v0x113e860_0, 8, 32;
    %ix/load 3, 9, 0;
    %mov 4, 0, 1;
    %load/av 8, v0x113b590, 32;
    %set/v v0x113e940_0, 8, 32;
    %ix/load 3, 10, 0;
    %mov 4, 0, 1;
    %load/av 8, v0x113b590, 32;
    %set/v v0x113ced0_0, 8, 32;
    %ix/load 3, 11, 0;
    %mov 4, 0, 1;
    %load/av 8, v0x113b590, 32;
    %set/v v0x113cfb0_0, 8, 32;
    %ix/load 3, 12, 0;
    %mov 4, 0, 1;
    %load/av 8, v0x113b590, 32;
    %set/v v0x113d090_0, 8, 32;
    %ix/load 3, 13, 0;
    %mov 4, 0, 1;
    %load/av 8, v0x113b590, 32;
    %set/v v0x113d170_0, 8, 32;
    %ix/load 3, 14, 0;
    %mov 4, 0, 1;
    %load/av 8, v0x113b590, 32;
    %set/v v0x113d250_0, 8, 32;
    %ix/load 3, 15, 0;
    %mov 4, 0, 1;
    %load/av 8, v0x113b590, 32;
    %set/v v0x113c4f0_0, 8, 32;
    %ix/load 3, 16, 0;
    %mov 4, 0, 1;
    %load/av 8, v0x113b590, 32;
    %set/v v0x113d520_0, 8, 32;
    %ix/load 3, 17, 0;
    %mov 4, 0, 1;
    %load/av 8, v0x113b590, 32;
    %set/v v0x113d600_0, 8, 32;
    %ix/load 3, 18, 0;
    %mov 4, 0, 1;
    %load/av 8, v0x113b590, 32;
    %set/v v0x113d6e0_0, 8, 32;
    %ix/load 3, 19, 0;
    %mov 4, 0, 1;
    %load/av 8, v0x113b590, 32;
    %set/v v0x113d7c0_0, 8, 32;
    %ix/load 3, 20, 0;
    %mov 4, 0, 1;
    %load/av 8, v0x113b590, 32;
    %set/v v0x113d980_0, 8, 32;
    %ix/load 3, 21, 0;
    %mov 4, 0, 1;
    %load/av 8, v0x113b590, 32;
    %set/v v0x113da60_0, 8, 32;
    %ix/load 3, 22, 0;
    %mov 4, 0, 1;
    %load/av 8, v0x113b590, 32;
    %set/v v0x113db40_0, 8, 32;
    %ix/load 3, 23, 0;
    %mov 4, 0, 1;
    %load/av 8, v0x113b590, 32;
    %set/v v0x113dc20_0, 8, 32;
    %ix/load 3, 24, 0;
    %mov 4, 0, 1;
    %load/av 8, v0x113b590, 32;
    %set/v v0x113dd00_0, 8, 32;
    %ix/load 3, 25, 0;
    %mov 4, 0, 1;
    %load/av 8, v0x113b590, 32;
    %set/v v0x113dde0_0, 8, 32;
    %ix/load 3, 26, 0;
    %mov 4, 0, 1;
    %load/av 8, v0x113b590, 32;
    %set/v v0x113dec0_0, 8, 32;
    %ix/load 3, 27, 0;
    %mov 4, 0, 1;
    %load/av 8, v0x113b590, 32;
    %set/v v0x113dfa0_0, 8, 32;
    %ix/load 3, 28, 0;
    %mov 4, 0, 1;
    %load/av 8, v0x113b590, 32;
    %set/v v0x113e080_0, 8, 32;
    %ix/load 3, 29, 0;
    %mov 4, 0, 1;
    %load/av 8, v0x113b590, 32;
    %set/v v0x113e160_0, 8, 32;
    %ix/load 3, 30, 0;
    %mov 4, 0, 1;
    %load/av 8, v0x113b590, 32;
    %set/v v0x113e320_0, 8, 32;
    %ix/load 3, 31, 0;
    %mov 4, 0, 1;
    %load/av 8, v0x113b590, 32;
    %set/v v0x113e400_0, 8, 32;
    %jmp T_5;
    .thread T_5, $push;
    .scope S_0x1137980;
T_6 ;
    %wait E_0x1137c20;
    %load/v 8, v0x1138130_0, 3;
    %cmpi/u 8, 2, 3;
    %jmp/1 T_6.0, 6;
    %cmpi/u 8, 6, 3;
    %jmp/1 T_6.1, 6;
    %cmpi/u 8, 0, 3;
    %jmp/1 T_6.2, 6;
    %cmpi/u 8, 1, 3;
    %jmp/1 T_6.3, 6;
    %cmpi/u 8, 3, 3;
    %jmp/1 T_6.4, 6;
    %cmpi/u 8, 7, 3;
    %jmp/1 T_6.5, 6;
    %jmp T_6.6;
T_6.0 ;
    %load/v 8, v0x1138000_0, 32;
    %load/v 40, v0x1138240_0, 32;
    %add 8, 40, 32;
    %set/v v0x1138300_0, 8, 32;
    %jmp T_6.6;
T_6.1 ;
    %load/v 8, v0x1138000_0, 32;
    %load/v 40, v0x1138240_0, 32;
    %sub 8, 40, 32;
    %set/v v0x1138300_0, 8, 32;
    %jmp T_6.6;
T_6.2 ;
    %load/v 8, v0x1138000_0, 32;
    %load/v 40, v0x1138240_0, 32;
    %and 8, 40, 32;
    %set/v v0x1138300_0, 8, 32;
    %jmp T_6.6;
T_6.3 ;
    %load/v 8, v0x1138000_0, 32;
    %load/v 40, v0x1138240_0, 32;
    %or 8, 40, 32;
    %set/v v0x1138300_0, 8, 32;
    %jmp T_6.6;
T_6.4 ;
    %load/v 8, v0x1138000_0, 32;
    %load/v 40, v0x1138240_0, 32;
    %xor 8, 40, 32;
    %set/v v0x1138300_0, 8, 32;
    %jmp T_6.6;
T_6.5 ;
    %load/v 8, v0x1138000_0, 32;
    %load/v 40, v0x1138240_0, 32;
    %cmp/u 8, 40, 32;
    %mov 8, 5, 1;
    %jmp/0  T_6.7, 8;
    %movi 9, 1, 32;
    %jmp/1  T_6.9, 8;
T_6.7 ; End of true expr.
    %jmp/0  T_6.8, 8;
 ; End of false expr.
    %blend  9, 0, 32; Condition unknown.
    %jmp  T_6.9;
T_6.8 ;
    %mov 9, 0, 32; Return false value
T_6.9 ;
    %set/v v0x1138300_0, 9, 32;
    %jmp T_6.6;
T_6.6 ;
    %jmp T_6;
    .thread T_6, $push;
    .scope S_0x1141650;
T_7 ;
    %vpi_call/w 13 11 "$readmemh", "data.txt", v0x1141cc0 {0 0};
    %end;
    .thread T_7;
    .scope S_0x1141de0;
T_8 ;
    %set/v v0x1142720_0, 0, 32;
T_8.0 ;
    %load/v 8, v0x1142720_0, 32;
    %cmpi/s 8, 64, 32;
    %jmp/0xz T_8.1, 5;
    %ix/getv/s 3, v0x1142720_0;
    %jmp/1 t_2, 4;
    %ix/load 1, 0, 0;
    %set/av v0x11421a0, 0, 32;
t_2 ;
    %ix/load 0, 1, 0;
    %load/vp0/s 8, v0x1142720_0, 32;
    %set/v v0x1142720_0, 8, 32;
    %jmp T_8.0;
T_8.1 ;
    %end;
    .thread T_8;
    .scope S_0x1141de0;
T_9 ;
    %wait E_0x113b090;
    %load/v 8, v0x11420e0_0, 1;
    %pad 9, 0, 2;
    %cmpi/u 8, 1, 3;
    %jmp/0xz  T_9.0, 4;
    %load/v 8, v0x11422e0_0, 32;
    %ix/load 1, 2, 0;
    %mov 4, 0, 1;
    %jmp/1 T_9.2, 4;
    %load/x1p 40, v0x1141fb0_0, 30;
    %jmp T_9.3;
T_9.2 ;
    %mov 40, 2, 30;
T_9.3 ;
; Save base=40 wid=30 in lookaside.
    %ix/get 3, 40, 30;
    %jmp/1 t_3, 4;
    %ix/load 1, 0, 0; part off
    %ix/load 0, 32, 0; word width
    %assign/av v0x11421a0, 0, 8;
t_3 ;
T_9.0 ;
    %jmp T_9;
    .thread T_9;
    .scope S_0x1107390;
T_10 ;
    %vpi_call/w 2 22 "$dumpfile", "dump.vcd" {0 0};
    %vpi_call/w 2 23 "$dumpvars" {0 0};
    %end;
    .thread T_10;
    .scope S_0x1107390;
T_11 ;
    %delay 5, 0;
    %load/v 8, v0x11432c0_0, 1;
    %inv 8, 1;
    %set/v v0x11432c0_0, 8, 1;
    %jmp T_11;
    .thread T_11;
    .scope S_0x1107390;
T_12 ;
    %set/v v0x11432c0_0, 0, 1;
    %set/v v0x1143360_0, 1, 1;
    %delay 10, 0;
    %set/v v0x1143360_0, 0, 1;
    %delay 100, 0;
    %vpi_call/w 2 33 "$finish" {0 0};
    %end;
    .thread T_12;
# The file index is used to find the file name in the following table.
:file_names 15;
    "N/A";
    "<interactive>";
    "testbench.sv";
    "design.sv";
    "./Control.v";
    "./ALU_control.v";
    "./MUX.v";
    "./Sign_Extend.v";
    "./ALU.v";
    "./PC.v";
    "./Adder.v";
    "./Shift_Left_2.v";
    "./Registers.v";
    "./Instruction_memory.v";
    "./Data_Memory.v";
